<?xml version="1.0" encoding="UTF-8"?>
<!-- Generated by org.testng.reporters.JUnitReportReporter -->
<testsuite hostname="LAPTOP-JK0MPD96" failures="0" tests="3" name="GroupsPractice.TestCase1" time="0.007" errors="0" timestamp="2023-02-24T17:20:45 IST" skipped="0">
  <testcase classname="GroupsPractice.TestCase1" name="test3" time="0.001"/>
  <system-out/>
  <testcase classname="GroupsPractice.TestCase1" name="test1" time="0.005"/>
  <system-out/>
  <testcase classname="GroupsPractice.TestCase1" name="test2" time="0.001"/>
  <system-out/>
</testsuite> <!-- GroupsPractice.TestCase1 -->
