<?xml version="1.0" encoding="UTF-8"?>
<!-- Generated by org.testng.reporters.JUnitReportReporter -->
<testsuite hostname="LAPTOP-JK0MPD96" failures="0" tests="3" name="Basic.ClassAnnotationsPractice" time="0.009" errors="0" timestamp="2022-12-06T16:52:04 IST" skipped="0">
  <testcase classname="Basic.ClassAnnotationsPractice" name="HomePageTest" time="0.007"/>
  <system-out/>
  <testcase classname="Basic.ClassAnnotationsPractice" name="ProfilePageTest" time="0.001"/>
  <system-out/>
  <testcase classname="Basic.ClassAnnotationsPractice" name="NotificationPageTest" time="0.001"/>
  <system-out/>
</testsuite> <!-- Basic.ClassAnnotationsPractice -->
