<?xml version="1.0" encoding="UTF-8"?>
<!-- Generated by org.testng.reporters.JUnitReportReporter -->
<testsuite hostname="LAPTOP-JK0MPD96" failures="0" tests="3" name="Basic.IntroductionToTestNG" time="0.016" errors="0" timestamp="2022-12-06T16:40:36 IST" skipped="0">
  <testcase classname="Basic.IntroductionToTestNG" name="openurl" time="0.012"/>
  <system-out/>
  <testcase classname="Basic.IntroductionToTestNG" name="login" time="0.001"/>
  <system-out/>
  <testcase classname="Basic.IntroductionToTestNG" name="logout" time="0.003"/>
  <system-out/>
</testsuite> <!-- Basic.IntroductionToTestNG -->
