<?xml version="1.0" encoding="UTF-8"?>
<!-- Generated by org.testng.reporters.JUnitReportReporter -->
<testsuite hostname="LAPTOP-JK0MPD96" failures="0" tests="3" name="AnnotationsPractice.TestCase1" time="0.009" errors="0" timestamp="2022-12-06T17:55:57 IST" skipped="0">
  <testcase classname="AnnotationsPractice.TestCase1" name="m3" time="0.002"/>
  <system-out/>
  <testcase classname="AnnotationsPractice.TestCase1" name="m2" time="0.001"/>
  <system-out/>
  <testcase classname="AnnotationsPractice.TestCase1" name="m1" time="0.006"/>
  <system-out/>
</testsuite> <!-- AnnotationsPractice.TestCase1 -->
