<?xml version="1.0" encoding="UTF-8"?>
<!-- Generated by org.testng.reporters.JUnitReportReporter -->
<testsuite hostname="LAPTOP-JK0MPD96" failures="0" tests="3" name="Keywords.TimeOutPractice" time="4.024" errors="0" timestamp="2023-01-22T09:57:42 IST" skipped="0">
  <testcase classname="Keywords.TimeOutPractice" name="notificationpageTest" time="0.001"/>
  <system-out/>
  <testcase classname="Keywords.TimeOutPractice" name="homepageTest" time="4.020"/>
  <system-out/>
  <testcase classname="Keywords.TimeOutPractice" name="notificationpageTest" time="0.003"/>
  <system-out/>
</testsuite> <!-- Keywords.TimeOutPractice -->
