<?xml version="1.0" encoding="UTF-8"?>
<!-- Generated by org.testng.reporters.JUnitReportReporter -->
<testsuite hostname="LAPTOP-JK0MPD96" failures="0" tests="3" name="GroupsPractice.TestCase2" time="0.004" errors="0" timestamp="2023-02-24T17:20:45 IST" skipped="0">
  <testcase classname="GroupsPractice.TestCase2" name="test5" time="0.002"/>
  <system-out/>
  <testcase classname="GroupsPractice.TestCase2" name="test6" time="0.001"/>
  <system-out/>
  <testcase classname="GroupsPractice.TestCase2" name="test4" time="0.001"/>
  <system-out/>
</testsuite> <!-- GroupsPractice.TestCase2 -->
