<?xml version="1.0" encoding="UTF-8"?>
<!-- Generated by org.testng.reporters.JUnitReportReporter -->
<testsuite hostname="LAPTOP-JK0MPD96" failures="0" tests="8" name="Keywords.InvocationCountPractice" time="0.016" errors="0" timestamp="2023-01-22T09:43:07 IST" skipped="0">
  <testcase classname="Keywords.InvocationCountPractice" name="HomePageTest" time="0.002"/>
  <system-out/>
  <testcase classname="Keywords.InvocationCountPractice" name="HomePageTest" time="0.001"/>
  <system-out/>
  <testcase classname="Keywords.InvocationCountPractice" name="NotificationPageTest" time="0.002"/>
  <system-out/>
  <testcase classname="Keywords.InvocationCountPractice" name="NotificationPageTest" time="0.002"/>
  <system-out/>
  <testcase classname="Keywords.InvocationCountPractice" name="SettingsPageTest" time="0.002"/>
  <system-out/>
  <testcase classname="Keywords.InvocationCountPractice" name="HomePageTest" time="0.004"/>
  <system-out/>
  <testcase classname="Keywords.InvocationCountPractice" name="HomePageTest" time="0.002"/>
  <system-out/>
  <testcase classname="Keywords.InvocationCountPractice" name="HomePageTest" time="0.001"/>
  <system-out/>
</testsuite> <!-- Keywords.InvocationCountPractice -->
