<?xml version="1.0" encoding="UTF-8"?>
<!-- Generated by org.testng.reporters.JUnitReportReporter -->
<testsuite hostname="LAPTOP-JK0MPD96" failures="0" tests="2" name="Basic.Practice" time="0.012" errors="0" timestamp="2023-03-16T09:43:19 IST" skipped="0">
  <testcase classname="Basic.Practice" name="m1" time="0.009"/>
  <system-out/>
  <testcase classname="Basic.Practice" name="m2" time="0.003"/>
  <system-out/>
</testsuite> <!-- Basic.Practice -->
