<?xml version="1.0" encoding="UTF-8"?>
<!-- Generated by org.testng.reporters.JUnitReportReporter -->
<testsuite hostname="LAPTOP-JK0MPD96" failures="0" tests="3" name="AnnotationsPractice.TestCase3" time="0.011" errors="0" timestamp="2022-12-06T17:59:33 IST" skipped="0">
  <testcase classname="AnnotationsPractice.TestCase3" name="m1" time="0.008"/>
  <system-out/>
  <testcase classname="AnnotationsPractice.TestCase3" name="m2" time="0.002"/>
  <system-out/>
  <testcase classname="AnnotationsPractice.TestCase3" name="m3" time="0.001"/>
  <system-out/>
</testsuite> <!-- AnnotationsPractice.TestCase3 -->
